<?xml version="1.0" encoding="UTF-8"?>
<!-- Generated by org.testng.reporters.JUnitXMLReporter -->
<testsuite hostname="DESKTOP-RSTO0AN" ignored="1" name="Default test" tests="3" failures="0" timestamp="02 Nov 2020 18:11:08 GMT" time="0.571" errors="0">
  <testcase name="dataProviderExample" time="0.009" classname="testNG.concepts.TestNGDataDrivenConcepts"/>
  <testcase name="dataProviderExample" time="0.001" classname="testNG.concepts.TestNGDataDrivenConcepts"/>
  <testcase name="dataProviderExample" time="0.0" classname="testNG.concepts.TestNGDataDrivenConcepts"/>
  <testcase name="parametersExample" time="0.0" classname="testNG.concepts.TestNGDataDrivenConcepts">
    <ignored/>
  </testcase> <!-- parametersExample -->
</testsuite> <!-- Default test -->
