<?xml version="1.0" encoding="UTF-8"?>
<!-- Generated by org.testng.reporters.JUnitXMLReporter -->
<testsuite hostname="DESKTOP-RSTO0AN" ignored="0" name="TestNG Groups Concept" tests="3" failures="0" timestamp="02 Nov 2020 18:22:40 GMT" time="10.042" errors="0">
  <testcase name="navigateToURL" time="1.889" classname="testNG.concepts.TestNGPractice"/>
  <testcase name="myAccountIsPresent" time="0.101" classname="testNG.concepts.TestNGPractice"/>
  <testcase name="loginToMyAccount" time="0.455" classname="testNG.concepts.TestNGPractice"/>
</testsuite> <!-- TestNG Groups Concept -->
