<?xml version="1.0" encoding="UTF-8"?>
<testng-results skipped="0" failed="0" ignored="0" total="1" passed="1">
  <reporter-output>
  </reporter-output>
  <suite name="Hotel Website Data Driven Framework" duration-ms="14870" started-at="2020-11-03T02:41:16Z" finished-at="2020-11-03T02:41:31Z">
    <groups>
    </groups>
    <test name="Login to Hotel Page Dashboard" duration-ms="14870" started-at="2020-11-03T02:41:16Z" finished-at="2020-11-03T02:41:31Z">
      <class name="test.LoginTest">
        <test-method status="PASS" signature="beforeMethod()[pri:0, instance:test.LoginTest@46238e3f]" name="beforeMethod" is-config="true" duration-ms="12375" started-at="2020-11-03T02:41:16Z" finished-at="2020-11-03T02:41:29Z">
          <reporter-output>
          </reporter-output>
        </test-method> <!-- beforeMethod -->
        <test-method status="PASS" signature="loginToHotel(java.lang.String, java.lang.String)[pri:0, instance:test.LoginTest@46238e3f]" name="loginToHotel" duration-ms="1735" started-at="2020-11-03T02:41:29Z" finished-at="2020-11-03T02:41:31Z">
          <params>
            <param index="0">
              <value>
                <![CDATA[student@test.com]]>
              </value>
            </param>
            <param index="1">
              <value>
                <![CDATA[welcome1]]>
              </value>
            </param>
          </params>
          <reporter-output>
          </reporter-output>
        </test-method> <!-- loginToHotel -->
        <test-method status="PASS" signature="afterMethod()[pri:0, instance:test.LoginTest@46238e3f]" name="afterMethod" is-config="true" duration-ms="723" started-at="2020-11-03T02:41:31Z" finished-at="2020-11-03T02:41:31Z">
          <reporter-output>
          </reporter-output>
        </test-method> <!-- afterMethod -->
      </class> <!-- test.LoginTest -->
    </test> <!-- Login to Hotel Page Dashboard -->
  </suite> <!-- Hotel Website Data Driven Framework -->
</testng-results>
